<?xml version="1.0" encoding="UTF-8"?>
<coverage generated="1634202121982" clover="3.2.0">
  <project timestamp="1634202121982" name="All files">
    <metrics statements="99" coveredstatements="59" conditionals="63" coveredconditionals="36" methods="26" coveredmethods="16" elements="188" coveredelements="111" complexity="0" loc="99" ncloc="99" packages="7" files="8" classes="8"/>
    <package name="src">
      <metrics statements="4" coveredstatements="4" conditionals="20" coveredconditionals="20" methods="1" coveredmethods="1"/>
      <file name="App.js" path="/Users/smgc-knt/Desktop/projects/traweather/frontend/src/App.js">
        <metrics statements="4" coveredstatements="4" conditionals="20" coveredconditionals="20" methods="1" coveredmethods="1"/>
        <line num="21" count="4" type="stmt"/>
        <line num="22" count="4" type="stmt"/>
        <line num="23" count="4" type="stmt"/>
        <line num="24" count="4" type="stmt"/>
      </file>
    </package>
    <package name="src.components">
      <metrics statements="23" coveredstatements="11" conditionals="10" coveredconditionals="3" methods="8" coveredmethods="2"/>
      <file name="SearchBar.js" path="/Users/smgc-knt/Desktop/projects/traweather/frontend/src/components/SearchBar.js">
        <metrics statements="23" coveredstatements="11" conditionals="10" coveredconditionals="3" methods="8" coveredmethods="2"/>
        <line num="6" count="1" type="stmt"/>
        <line num="7" count="1" type="stmt"/>
        <line num="8" count="1" type="stmt"/>
        <line num="9" count="1" type="stmt"/>
        <line num="10" count="1" type="stmt"/>
        <line num="12" count="1" type="stmt"/>
        <line num="13" count="4" type="stmt"/>
        <line num="14" count="4" type="cond" truecount="0" falsecount="2"/>
        <line num="15" count="0" type="stmt"/>
        <line num="16" count="0" type="cond" truecount="0" falsecount="2"/>
        <line num="17" count="0" type="stmt"/>
        <line num="19" count="0" type="stmt"/>
        <line num="23" count="1" type="stmt"/>
        <line num="24" count="0" type="stmt"/>
        <line num="25" count="0" type="stmt"/>
        <line num="26" count="0" type="stmt"/>
        <line num="27" count="0" type="stmt"/>
        <line num="30" count="1" type="stmt"/>
        <line num="31" count="0" type="stmt"/>
        <line num="32" count="0" type="stmt"/>
        <line num="35" count="1" type="stmt"/>
        <line num="49" count="0" type="stmt"/>
        <line num="50" count="0" type="stmt"/>
      </file>
    </package>
    <package name="src.components.form">
      <metrics statements="14" coveredstatements="13" conditionals="4" coveredconditionals="2" methods="4" coveredmethods="3"/>
      <file name="MarketPredictionForm.js" path="/Users/smgc-knt/Desktop/projects/traweather/frontend/src/components/form/MarketPredictionForm.js">
        <metrics statements="14" coveredstatements="13" conditionals="4" coveredconditionals="2" methods="4" coveredmethods="3"/>
        <line num="9" count="4" type="stmt"/>
        <line num="10" count="4" type="stmt"/>
        <line num="11" count="4" type="stmt"/>
        <line num="12" count="4" type="stmt"/>
        <line num="13" count="4" type="stmt"/>
        <line num="15" count="4" type="stmt"/>
        <line num="16" count="1" type="stmt"/>
        <line num="17" count="1" type="stmt"/>
        <line num="18" count="1" type="cond" truecount="1" falsecount="1"/>
        <line num="19" count="1" type="stmt"/>
        <line num="21" count="1" type="stmt"/>
        <line num="24" count="4" type="stmt"/>
        <line num="27" count="0" type="stmt"/>
        <line num="31" count="12" type="stmt"/>
      </file>
    </package>
    <package name="src.pages">
      <metrics statements="14" coveredstatements="9" conditionals="15" coveredconditionals="9" methods="5" coveredmethods="3"/>
      <file name="EntrancePage.js" path="/Users/smgc-knt/Desktop/projects/traweather/frontend/src/pages/EntrancePage.js">
        <metrics statements="1" coveredstatements="1" conditionals="0" coveredconditionals="0" methods="1" coveredmethods="1"/>
        <line num="4" count="1" type="stmt"/>
      </file>
      <file name="MarketPage.js" path="/Users/smgc-knt/Desktop/projects/traweather/frontend/src/pages/MarketPage.js">
        <metrics statements="13" coveredstatements="8" conditionals="15" coveredconditionals="9" methods="4" coveredmethods="2"/>
        <line num="14" count="2" type="stmt"/>
        <line num="15" count="2" type="stmt"/>
        <line num="16" count="2" type="stmt"/>
        <line num="18" count="2" type="stmt"/>
        <line num="19" count="1" type="cond" truecount="1" falsecount="1"/>
        <line num="20" count="0" type="stmt"/>
        <line num="21" count="0" type="stmt"/>
        <line num="24" count="0" type="cond" truecount="0" falsecount="2"/>
        <line num="26" count="0" type="stmt"/>
        <line num="31" count="2" type="cond" truecount="1" falsecount="1"/>
        <line num="32" count="2" type="cond" truecount="1" falsecount="1"/>
        <line num="33" count="2" type="stmt"/>
        <line num="36" count="0" type="stmt"/>
      </file>
    </package>
    <package name="src.stores">
      <metrics statements="19" coveredstatements="10" conditionals="6" coveredconditionals="1" methods="2" coveredmethods="2"/>
      <file name="App.js" path="/Users/smgc-knt/Desktop/projects/traweather/frontend/src/stores/App.js">
        <metrics statements="19" coveredstatements="10" conditionals="6" coveredconditionals="1" methods="2" coveredmethods="2"/>
        <line num="2" count="1" type="stmt"/>
        <line num="14" count="1" type="stmt"/>
        <line num="15" count="1" type="stmt"/>
        <line num="22" count="1" type="stmt"/>
        <line num="23" count="2" type="stmt"/>
        <line num="24" count="2" type="stmt"/>
        <line num="25" count="2" type="cond" truecount="1" falsecount="5"/>
        <line num="27" count="2" type="stmt"/>
        <line num="28" count="2" type="stmt"/>
        <line num="30" count="0" type="stmt"/>
        <line num="31" count="0" type="stmt"/>
        <line num="33" count="0" type="stmt"/>
        <line num="34" count="0" type="stmt"/>
        <line num="36" count="0" type="stmt"/>
        <line num="37" count="0" type="stmt"/>
        <line num="39" count="0" type="stmt"/>
        <line num="40" count="0" type="stmt"/>
        <line num="42" count="0" type="stmt"/>
        <line num="45" count="2" type="stmt"/>
      </file>
    </package>
    <package name="src.tests">
      <metrics statements="17" coveredstatements="4" conditionals="6" coveredconditionals="0" methods="2" coveredmethods="1"/>
      <file name="testUtils.js" path="/Users/smgc-knt/Desktop/projects/traweather/frontend/src/tests/testUtils.js">
        <metrics statements="17" coveredstatements="4" conditionals="6" coveredconditionals="0" methods="2" coveredmethods="1"/>
        <line num="6" count="1" type="stmt"/>
        <line num="7" count="1" type="stmt"/>
        <line num="8" count="4" type="stmt"/>
        <line num="9" count="0" type="stmt"/>
        <line num="10" count="0" type="cond" truecount="0" falsecount="6"/>
        <line num="12" count="0" type="stmt"/>
        <line num="13" count="0" type="stmt"/>
        <line num="15" count="0" type="stmt"/>
        <line num="16" count="0" type="stmt"/>
        <line num="18" count="0" type="stmt"/>
        <line num="19" count="0" type="stmt"/>
        <line num="21" count="0" type="stmt"/>
        <line num="22" count="0" type="stmt"/>
        <line num="24" count="0" type="stmt"/>
        <line num="25" count="0" type="stmt"/>
        <line num="27" count="0" type="stmt"/>
        <line num="30" count="4" type="stmt"/>
      </file>
    </package>
    <package name="src.utils">
      <metrics statements="8" coveredstatements="8" conditionals="2" coveredconditionals="1" methods="4" coveredmethods="4"/>
      <file name="custom_hooks.js" path="/Users/smgc-knt/Desktop/projects/traweather/frontend/src/utils/custom_hooks.js">
        <metrics statements="8" coveredstatements="8" conditionals="2" coveredconditionals="1" methods="4" coveredmethods="4"/>
        <line num="4" count="1" type="stmt"/>
        <line num="6" count="6" type="stmt"/>
        <line num="7" count="5" type="cond" truecount="1" falsecount="1"/>
        <line num="8" count="5" type="stmt"/>
        <line num="13" count="4" type="stmt"/>
        <line num="21" count="1" type="stmt"/>
        <line num="22" count="1" type="stmt"/>
        <line num="26" count="6" type="stmt"/>
      </file>
    </package>
  </project>
</coverage>
