{"/Users/smgc-knt/Desktop/projects/traweather/frontend/src/App.js": {"path":"/Users/smgc-knt/Desktop/projects/traweather/frontend/src/App.js","statementMap":{"0":{"start":{"line":21,"column":30},"end":{"line":21,"column":52}},"1":{"start":{"line":22,"column":19},"end":{"line":22,"column":24}},"2":{"start":{"line":23,"column":2},"end":{"line":23,"column":55}},"3":{"start":{"line":24,"column":2},"end":{"line":58,"column":4}}},"fnMap":{"0":{"name":"App","decl":{"start":{"line":20,"column":9},"end":{"line":20,"column":12}},"loc":{"start":{"line":20,"column":15},"end":{"line":59,"column":1}},"line":20}},"branchMap":{"0":{"loc":{"start":{"line":36,"column":15},"end":{"line":36,"column":87}},"type":"cond-expr","locations":[{"start":{"line":36,"column":44},"end":{"line":36,"column":68}},{"start":{"line":36,"column":71},"end":{"line":36,"column":87}}],"line":36},"1":{"loc":{"start":{"line":36,"column":16},"end":{"line":36,"column":40}},"type":"binary-expr","locations":[{"start":{"line":36,"column":16},"end":{"line":36,"column":24}},{"start":{"line":36,"column":28},"end":{"line":36,"column":40}}],"line":36},"2":{"loc":{"start":{"line":39,"column":15},"end":{"line":39,"column":78}},"type":"cond-expr","locations":[{"start":{"line":39,"column":44},"end":{"line":39,"column":57}},{"start":{"line":39,"column":59},"end":{"line":39,"column":78}}],"line":39},"3":{"loc":{"start":{"line":39,"column":16},"end":{"line":39,"column":40}},"type":"binary-expr","locations":[{"start":{"line":39,"column":16},"end":{"line":39,"column":24}},{"start":{"line":39,"column":28},"end":{"line":39,"column":40}}],"line":39},"4":{"loc":{"start":{"line":42,"column":15},"end":{"line":42,"column":118}},"type":"cond-expr","locations":[{"start":{"line":42,"column":44},"end":{"line":42,"column":68}},{"start":{"line":42,"column":71},"end":{"line":42,"column":118}}],"line":42},"5":{"loc":{"start":{"line":42,"column":16},"end":{"line":42,"column":40}},"type":"binary-expr","locations":[{"start":{"line":42,"column":16},"end":{"line":42,"column":24}},{"start":{"line":42,"column":28},"end":{"line":42,"column":40}}],"line":42},"6":{"loc":{"start":{"line":45,"column":15},"end":{"line":45,"column":112}},"type":"cond-expr","locations":[{"start":{"line":45,"column":44},"end":{"line":45,"column":68}},{"start":{"line":45,"column":71},"end":{"line":45,"column":112}}],"line":45},"7":{"loc":{"start":{"line":45,"column":16},"end":{"line":45,"column":40}},"type":"binary-expr","locations":[{"start":{"line":45,"column":16},"end":{"line":45,"column":24}},{"start":{"line":45,"column":28},"end":{"line":45,"column":40}}],"line":45},"8":{"loc":{"start":{"line":48,"column":15},"end":{"line":48,"column":118}},"type":"cond-expr","locations":[{"start":{"line":48,"column":44},"end":{"line":48,"column":68}},{"start":{"line":48,"column":71},"end":{"line":48,"column":118}}],"line":48},"9":{"loc":{"start":{"line":48,"column":16},"end":{"line":48,"column":40}},"type":"binary-expr","locations":[{"start":{"line":48,"column":16},"end":{"line":48,"column":24}},{"start":{"line":48,"column":28},"end":{"line":48,"column":40}}],"line":48}},"s":{"0":4,"1":4,"2":4,"3":4},"f":{"0":4},"b":{"0":[3,1],"1":[4,1],"2":[3,1],"3":[4,1],"4":[3,1],"5":[4,1],"6":[3,1],"7":[4,1],"8":[3,1],"9":[4,1]},"_coverageSchema":"1a1c01bbd47fc00a2c39e90264f33305004495a9","hash":"a85af3fe8f4a5a7d25cfa8bf2f0e5dac3daf2066"}
,"/Users/smgc-knt/Desktop/projects/traweather/frontend/src/components/SearchBar.js": {"path":"/Users/smgc-knt/Desktop/projects/traweather/frontend/src/components/SearchBar.js","statementMap":{"0":{"start":{"line":6,"column":33},"end":{"line":6,"column":55}},"1":{"start":{"line":7,"column":26},"end":{"line":7,"column":34}},"2":{"start":{"line":8,"column":44},"end":{"line":8,"column":56}},"3":{"start":{"line":9,"column":40},"end":{"line":9,"column":52}},"4":{"start":{"line":10,"column":32},"end":{"line":10,"column":46}},"5":{"start":{"line":12,"column":25},"end":{"line":21,"column":5}},"6":{"start":{"line":13,"column":27},"end":{"line":13,"column":53}},"7":{"start":{"line":14,"column":31},"end":{"line":14,"column":132}},"8":{"start":{"line":14,"column":59},"end":{"line":14,"column":131}},"9":{"start":{"line":15,"column":8},"end":{"line":15,"column":34}},"10":{"start":{"line":16,"column":8},"end":{"line":20,"column":9}},"11":{"start":{"line":17,"column":12},"end":{"line":17,"column":32}},"12":{"start":{"line":19,"column":12},"end":{"line":19,"column":44}},"13":{"start":{"line":23,"column":25},"end":{"line":28,"column":5}},"14":{"start":{"line":24,"column":26},"end":{"line":24,"column":74}},"15":{"start":{"line":24,"column":54},"end":{"line":24,"column":73}},"16":{"start":{"line":25,"column":8},"end":{"line":25,"column":34}},"17":{"start":{"line":26,"column":8},"end":{"line":26,"column":28}},"18":{"start":{"line":27,"column":8},"end":{"line":27,"column":32}},"19":{"start":{"line":30,"column":24},"end":{"line":33,"column":5}},"20":{"start":{"line":31,"column":8},"end":{"line":31,"column":26}},"21":{"start":{"line":32,"column":8},"end":{"line":32,"column":23}},"22":{"start":{"line":35,"column":4},"end":{"line":60,"column":5}},"23":{"start":{"line":49,"column":32},"end":{"line":53,"column":34}},"24":{"start":{"line":50,"column":113},"end":{"line":50,"column":155}}},"fnMap":{"0":{"name":"SearchBar","decl":{"start":{"line":5,"column":24},"end":{"line":5,"column":33}},"loc":{"start":{"line":5,"column":36},"end":{"line":61,"column":1}},"line":5},"1":{"name":"(anonymous_1)","decl":{"start":{"line":12,"column":25},"end":{"line":12,"column":26}},"loc":{"start":{"line":12,"column":36},"end":{"line":21,"column":5}},"line":12},"2":{"name":"(anonymous_2)","decl":{"start":{"line":14,"column":48},"end":{"line":14,"column":49}},"loc":{"start":{"line":14,"column":59},"end":{"line":14,"column":131}},"line":14},"3":{"name":"(anonymous_3)","decl":{"start":{"line":23,"column":25},"end":{"line":23,"column":26}},"loc":{"start":{"line":23,"column":47},"end":{"line":28,"column":5}},"line":23},"4":{"name":"(anonymous_4)","decl":{"start":{"line":24,"column":43},"end":{"line":24,"column":44}},"loc":{"start":{"line":24,"column":54},"end":{"line":24,"column":73}},"line":24},"5":{"name":"(anonymous_5)","decl":{"start":{"line":30,"column":24},"end":{"line":30,"column":25}},"loc":{"start":{"line":30,"column":30},"end":{"line":33,"column":5}},"line":30},"6":{"name":"(anonymous_6)","decl":{"start":{"line":48,"column":33},"end":{"line":48,"column":34}},"loc":{"start":{"line":48,"column":49},"end":{"line":54,"column":29}},"line":48},"7":{"name":"(anonymous_7)","decl":{"start":{"line":50,"column":105},"end":{"line":50,"column":106}},"loc":{"start":{"line":50,"column":111},"end":{"line":50,"column":157}},"line":50}},"branchMap":{"0":{"loc":{"start":{"line":14,"column":59},"end":{"line":14,"column":131}},"type":"binary-expr","locations":[{"start":{"line":14,"column":59},"end":{"line":14,"column":90}},{"start":{"line":14,"column":94},"end":{"line":14,"column":131}}],"line":14},"1":{"loc":{"start":{"line":16,"column":8},"end":{"line":20,"column":9}},"type":"if","locations":[{"start":{"line":16,"column":8},"end":{"line":20,"column":9}},{"start":{"line":16,"column":8},"end":{"line":20,"column":9}}],"line":16},"2":{"loc":{"start":{"line":41,"column":25},"end":{"line":41,"column":124}},"type":"cond-expr","locations":[{"start":{"line":41,"column":34},"end":{"line":41,"column":88}},{"start":{"line":41,"column":91},"end":{"line":41,"column":124}}],"line":41},"3":{"loc":{"start":{"line":44,"column":17},"end":{"line":56,"column":17}},"type":"binary-expr","locations":[{"start":{"line":44,"column":18},"end":{"line":44,"column":41}},{"start":{"line":45,"column":20},"end":{"line":55,"column":26}}],"line":44},"4":{"loc":{"start":{"line":58,"column":13},"end":{"line":58,"column":57}},"type":"binary-expr","locations":[{"start":{"line":58,"column":14},"end":{"line":58,"column":20}},{"start":{"line":58,"column":26},"end":{"line":58,"column":56}}],"line":58}},"s":{"0":1,"1":1,"2":1,"3":1,"4":1,"5":1,"6":4,"7":4,"8":0,"9":0,"10":0,"11":0,"12":0,"13":1,"14":0,"15":0,"16":0,"17":0,"18":0,"19":1,"20":0,"21":0,"22":1,"23":0,"24":0},"f":{"0":1,"1":4,"2":0,"3":0,"4":0,"5":0,"6":0,"7":0},"b":{"0":[0,0],"1":[0,0],"2":[0,1],"3":[1,0],"4":[1,0]},"_coverageSchema":"1a1c01bbd47fc00a2c39e90264f33305004495a9","hash":"e4269e86696b05b3e790f77e90399169d524d269"}
,"/Users/smgc-knt/Desktop/projects/traweather/frontend/src/components/form/MarketPredictionForm.js": {"path":"/Users/smgc-knt/Desktop/projects/traweather/frontend/src/components/form/MarketPredictionForm.js","statementMap":{"0":{"start":{"line":9,"column":54},"end":{"line":9,"column":76}},"1":{"start":{"line":10,"column":21},"end":{"line":10,"column":29}},"2":{"start":{"line":11,"column":62},"end":{"line":11,"column":71}},"3":{"start":{"line":12,"column":16},"end":{"line":12,"column":52}},"4":{"start":{"line":13,"column":18},"end":{"line":13,"column":30}},"5":{"start":{"line":15,"column":21},"end":{"line":22,"column":5}},"6":{"start":{"line":16,"column":8},"end":{"line":16,"column":30}},"7":{"start":{"line":17,"column":25},"end":{"line":17,"column":103}},"8":{"start":{"line":18,"column":8},"end":{"line":20,"column":9}},"9":{"start":{"line":19,"column":12},"end":{"line":19,"column":33}},"10":{"start":{"line":21,"column":8},"end":{"line":21,"column":27}},"11":{"start":{"line":24,"column":4},"end":{"line":50,"column":5}},"12":{"start":{"line":27,"column":44},"end":{"line":27,"column":63}},"13":{"start":{"line":31,"column":24},"end":{"line":45,"column":25}}},"fnMap":{"0":{"name":"MarketPredictionForm","decl":{"start":{"line":8,"column":24},"end":{"line":8,"column":44}},"loc":{"start":{"line":8,"column":52},"end":{"line":51,"column":1}},"line":8},"1":{"name":"(anonymous_1)","decl":{"start":{"line":15,"column":21},"end":{"line":15,"column":22}},"loc":{"start":{"line":15,"column":36},"end":{"line":22,"column":5}},"line":15},"2":{"name":"(anonymous_2)","decl":{"start":{"line":27,"column":36},"end":{"line":27,"column":37}},"loc":{"start":{"line":27,"column":42},"end":{"line":27,"column":65}},"line":27},"3":{"name":"(anonymous_3)","decl":{"start":{"line":30,"column":25},"end":{"line":30,"column":26}},"loc":{"start":{"line":30,"column":41},"end":{"line":46,"column":21}},"line":30}},"branchMap":{"0":{"loc":{"start":{"line":18,"column":8},"end":{"line":20,"column":9}},"type":"if","locations":[{"start":{"line":18,"column":8},"end":{"line":20,"column":9}},{"start":{"line":18,"column":8},"end":{"line":20,"column":9}}],"line":18},"1":{"loc":{"start":{"line":41,"column":33},"end":{"line":43,"column":40}},"type":"cond-expr","locations":[{"start":{"line":42,"column":36},"end":{"line":42,"column":100}},{"start":{"line":43,"column":36},"end":{"line":43,"column":40}}],"line":41}},"s":{"0":4,"1":4,"2":4,"3":4,"4":4,"5":4,"6":1,"7":1,"8":1,"9":1,"10":1,"11":4,"12":0,"13":12},"f":{"0":4,"1":1,"2":0,"3":12},"b":{"0":[1,0],"1":[0,12]},"_coverageSchema":"1a1c01bbd47fc00a2c39e90264f33305004495a9","hash":"7aa109d3a2ce41d8fa89d1ec022f39a893919426"}
,"/Users/smgc-knt/Desktop/projects/traweather/frontend/src/pages/EntrancePage.js": {"path":"/Users/smgc-knt/Desktop/projects/traweather/frontend/src/pages/EntrancePage.js","statementMap":{"0":{"start":{"line":4,"column":4},"end":{"line":14,"column":5}}},"fnMap":{"0":{"name":"LoginPage","decl":{"start":{"line":3,"column":24},"end":{"line":3,"column":33}},"loc":{"start":{"line":3,"column":36},"end":{"line":15,"column":1}},"line":3}},"branchMap":{},"s":{"0":1},"f":{"0":1},"b":{},"_coverageSchema":"1a1c01bbd47fc00a2c39e90264f33305004495a9","hash":"ef5be328ca18ceb8497406a3f9164eb9d023f675"}
,"/Users/smgc-knt/Desktop/projects/traweather/frontend/src/pages/MarketPage.js": {"path":"/Users/smgc-knt/Desktop/projects/traweather/frontend/src/pages/MarketPage.js","statementMap":{"0":{"start":{"line":14,"column":55},"end":{"line":14,"column":77}},"1":{"start":{"line":15,"column":49},"end":{"line":15,"column":57}},"2":{"start":{"line":16,"column":28},"end":{"line":16,"column":43}},"3":{"start":{"line":18,"column":4},"end":{"line":29,"column":17}},"4":{"start":{"line":19,"column":8},"end":{"line":27,"column":9}},"5":{"start":{"line":20,"column":30},"end":{"line":25,"column":13}},"6":{"start":{"line":21,"column":42},"end":{"line":23,"column":18}},"7":{"start":{"line":24,"column":16},"end":{"line":24,"column":116}},"8":{"start":{"line":24,"column":39},"end":{"line":24,"column":116}},"9":{"start":{"line":26,"column":12},"end":{"line":26,"column":24}},"10":{"start":{"line":31,"column":4},"end":{"line":31,"column":35}},"11":{"start":{"line":31,"column":17},"end":{"line":31,"column":35}},"12":{"start":{"line":32,"column":4},"end":{"line":32,"column":64}},"13":{"start":{"line":32,"column":15},"end":{"line":32,"column":64}},"14":{"start":{"line":33,"column":4},"end":{"line":55,"column":5}},"15":{"start":{"line":36,"column":37},"end":{"line":36,"column":58}}},"fnMap":{"0":{"name":"MarketPage","decl":{"start":{"line":13,"column":24},"end":{"line":13,"column":34}},"loc":{"start":{"line":13,"column":37},"end":{"line":56,"column":1}},"line":13},"1":{"name":"(anonymous_1)","decl":{"start":{"line":18,"column":14},"end":{"line":18,"column":15}},"loc":{"start":{"line":18,"column":20},"end":{"line":29,"column":5}},"line":18},"2":{"name":"(anonymous_2)","decl":{"start":{"line":20,"column":30},"end":{"line":20,"column":31}},"loc":{"start":{"line":20,"column":42},"end":{"line":25,"column":13}},"line":20},"3":{"name":"(anonymous_3)","decl":{"start":{"line":36,"column":29},"end":{"line":36,"column":30}},"loc":{"start":{"line":36,"column":35},"end":{"line":36,"column":60}},"line":36}},"branchMap":{"0":{"loc":{"start":{"line":19,"column":8},"end":{"line":27,"column":9}},"type":"if","locations":[{"start":{"line":19,"column":8},"end":{"line":27,"column":9}},{"start":{"line":19,"column":8},"end":{"line":27,"column":9}}],"line":19},"1":{"loc":{"start":{"line":24,"column":16},"end":{"line":24,"column":116}},"type":"if","locations":[{"start":{"line":24,"column":16},"end":{"line":24,"column":116}},{"start":{"line":24,"column":16},"end":{"line":24,"column":116}}],"line":24},"2":{"loc":{"start":{"line":31,"column":4},"end":{"line":31,"column":35}},"type":"if","locations":[{"start":{"line":31,"column":4},"end":{"line":31,"column":35}},{"start":{"line":31,"column":4},"end":{"line":31,"column":35}}],"line":31},"3":{"loc":{"start":{"line":32,"column":4},"end":{"line":32,"column":64}},"type":"if","locations":[{"start":{"line":32,"column":4},"end":{"line":32,"column":64}},{"start":{"line":32,"column":4},"end":{"line":32,"column":64}}],"line":32},"4":{"loc":{"start":{"line":38,"column":13},"end":{"line":38,"column":78}},"type":"binary-expr","locations":[{"start":{"line":38,"column":13},"end":{"line":38,"column":24}},{"start":{"line":38,"column":28},"end":{"line":38,"column":78}}],"line":38},"5":{"loc":{"start":{"line":40,"column":17},"end":{"line":40,"column":101}},"type":"binary-expr","locations":[{"start":{"line":40,"column":18},"end":{"line":40,"column":39}},{"start":{"line":40,"column":43},"end":{"line":40,"column":54}},{"start":{"line":40,"column":59},"end":{"line":40,"column":101}}],"line":40},"6":{"loc":{"start":{"line":42,"column":21},"end":{"line":42,"column":49}},"type":"binary-expr","locations":[{"start":{"line":42,"column":21},"end":{"line":42,"column":31}},{"start":{"line":42,"column":35},"end":{"line":42,"column":49}}],"line":42}},"s":{"0":2,"1":2,"2":2,"3":2,"4":1,"5":0,"6":0,"7":0,"8":0,"9":0,"10":2,"11":0,"12":2,"13":0,"14":2,"15":0},"f":{"0":2,"1":1,"2":0,"3":0},"b":{"0":[0,1],"1":[0,0],"2":[0,2],"3":[0,2],"4":[2,2],"5":[2,2,2],"6":[2,0]},"_coverageSchema":"1a1c01bbd47fc00a2c39e90264f33305004495a9","hash":"c35d5ddeeb18104f8849faff17b069a24aa54dbb"}
,"/Users/smgc-knt/Desktop/projects/traweather/frontend/src/stores/App.js": {"path":"/Users/smgc-knt/Desktop/projects/traweather/frontend/src/stores/App.js","statementMap":{"0":{"start":{"line":2,"column":28},"end":{"line":13,"column":1}},"1":{"start":{"line":14,"column":26},"end":{"line":14,"column":53}},"2":{"start":{"line":15,"column":26},"end":{"line":21,"column":1}},"3":{"start":{"line":22,"column":27},"end":{"line":46,"column":1}},"4":{"start":{"line":23,"column":30},"end":{"line":44,"column":20}},"5":{"start":{"line":24,"column":29},"end":{"line":24,"column":41}},"6":{"start":{"line":25,"column":8},"end":{"line":43,"column":9}},"7":{"start":{"line":27,"column":16},"end":{"line":27,"column":50}},"8":{"start":{"line":28,"column":16},"end":{"line":28,"column":35}},"9":{"start":{"line":30,"column":16},"end":{"line":30,"column":56}},"10":{"start":{"line":31,"column":16},"end":{"line":31,"column":35}},"11":{"start":{"line":33,"column":16},"end":{"line":33,"column":55}},"12":{"start":{"line":34,"column":16},"end":{"line":34,"column":35}},"13":{"start":{"line":36,"column":16},"end":{"line":36,"column":53}},"14":{"start":{"line":37,"column":16},"end":{"line":37,"column":35}},"15":{"start":{"line":39,"column":16},"end":{"line":39,"column":51}},"16":{"start":{"line":40,"column":16},"end":{"line":40,"column":35}},"17":{"start":{"line":42,"column":16},"end":{"line":42,"column":52}},"18":{"start":{"line":45,"column":4},"end":{"line":45,"column":92}}},"fnMap":{"0":{"name":"(anonymous_0)","decl":{"start":{"line":22,"column":27},"end":{"line":22,"column":28}},"loc":{"start":{"line":22,"column":45},"end":{"line":46,"column":1}},"line":22},"1":{"name":"(anonymous_1)","decl":{"start":{"line":23,"column":41},"end":{"line":23,"column":42}},"loc":{"start":{"line":23,"column":60},"end":{"line":44,"column":5}},"line":23}},"branchMap":{"0":{"loc":{"start":{"line":25,"column":8},"end":{"line":43,"column":9}},"type":"switch","locations":[{"start":{"line":26,"column":12},"end":{"line":28,"column":35}},{"start":{"line":29,"column":12},"end":{"line":31,"column":35}},{"start":{"line":32,"column":12},"end":{"line":34,"column":35}},{"start":{"line":35,"column":12},"end":{"line":37,"column":35}},{"start":{"line":38,"column":12},"end":{"line":40,"column":35}},{"start":{"line":41,"column":12},"end":{"line":42,"column":52}}],"line":25}},"s":{"0":1,"1":1,"2":1,"3":1,"4":2,"5":2,"6":2,"7":2,"8":2,"9":0,"10":0,"11":0,"12":0,"13":0,"14":0,"15":0,"16":0,"17":0,"18":2},"f":{"0":2,"1":2},"b":{"0":[2,0,0,0,0,0]},"_coverageSchema":"1a1c01bbd47fc00a2c39e90264f33305004495a9","hash":"052db363020329940b52df15cbfa7ed491b77db0"}
,"/Users/smgc-knt/Desktop/projects/traweather/frontend/src/tests/testUtils.js": {"path":"/Users/smgc-knt/Desktop/projects/traweather/frontend/src/tests/testUtils.js","statementMap":{"0":{"start":{"line":6,"column":28},"end":{"line":6,"column":37}},"1":{"start":{"line":7,"column":31},"end":{"line":31,"column":1}},"2":{"start":{"line":8,"column":20},"end":{"line":29,"column":20}},"3":{"start":{"line":9,"column":29},"end":{"line":9,"column":41}},"4":{"start":{"line":10,"column":8},"end":{"line":28,"column":9}},"5":{"start":{"line":12,"column":16},"end":{"line":12,"column":50}},"6":{"start":{"line":13,"column":16},"end":{"line":13,"column":35}},"7":{"start":{"line":15,"column":16},"end":{"line":15,"column":56}},"8":{"start":{"line":16,"column":16},"end":{"line":16,"column":35}},"9":{"start":{"line":18,"column":16},"end":{"line":18,"column":55}},"10":{"start":{"line":19,"column":16},"end":{"line":19,"column":35}},"11":{"start":{"line":21,"column":16},"end":{"line":21,"column":53}},"12":{"start":{"line":22,"column":16},"end":{"line":22,"column":35}},"13":{"start":{"line":24,"column":16},"end":{"line":24,"column":51}},"14":{"start":{"line":25,"column":16},"end":{"line":25,"column":35}},"15":{"start":{"line":27,"column":16},"end":{"line":27,"column":52}},"16":{"start":{"line":30,"column":4},"end":{"line":30,"column":106}}},"fnMap":{"0":{"name":"(anonymous_0)","decl":{"start":{"line":7,"column":31},"end":{"line":7,"column":32}},"loc":{"start":{"line":7,"column":49},"end":{"line":31,"column":1}},"line":7},"1":{"name":"(anonymous_1)","decl":{"start":{"line":8,"column":31},"end":{"line":8,"column":32}},"loc":{"start":{"line":8,"column":50},"end":{"line":29,"column":5}},"line":8}},"branchMap":{"0":{"loc":{"start":{"line":10,"column":8},"end":{"line":28,"column":9}},"type":"switch","locations":[{"start":{"line":11,"column":12},"end":{"line":13,"column":35}},{"start":{"line":14,"column":12},"end":{"line":16,"column":35}},{"start":{"line":17,"column":12},"end":{"line":19,"column":35}},{"start":{"line":20,"column":12},"end":{"line":22,"column":35}},{"start":{"line":23,"column":12},"end":{"line":25,"column":35}},{"start":{"line":26,"column":12},"end":{"line":27,"column":52}}],"line":10}},"s":{"0":1,"1":1,"2":4,"3":0,"4":0,"5":0,"6":0,"7":0,"8":0,"9":0,"10":0,"11":0,"12":0,"13":0,"14":0,"15":0,"16":4},"f":{"0":4,"1":0},"b":{"0":[0,0,0,0,0,0]},"_coverageSchema":"1a1c01bbd47fc00a2c39e90264f33305004495a9","hash":"c5823c1cc99327066998ee0ebf1f811145217bcf"}
,"/Users/smgc-knt/Desktop/projects/traweather/frontend/src/utils/custom_hooks.js": {"path":"/Users/smgc-knt/Desktop/projects/traweather/frontend/src/utils/custom_hooks.js","statementMap":{"0":{"start":{"line":4,"column":21},"end":{"line":28,"column":1}},"1":{"start":{"line":6,"column":8},"end":{"line":25,"column":25}},"2":{"start":{"line":7,"column":12},"end":{"line":24,"column":13}},"3":{"start":{"line":8,"column":16},"end":{"line":23,"column":18}},"4":{"start":{"line":13,"column":20},"end":{"line":19,"column":23}},"5":{"start":{"line":21,"column":20},"end":{"line":21,"column":59}},"6":{"start":{"line":22,"column":20},"end":{"line":22,"column":96}},"7":{"start":{"line":26,"column":8},"end":{"line":26,"column":34}}},"fnMap":{"0":{"name":"(anonymous_0)","decl":{"start":{"line":5,"column":25},"end":{"line":5,"column":26}},"loc":{"start":{"line":5,"column":57},"end":{"line":27,"column":5}},"line":5},"1":{"name":"(anonymous_1)","decl":{"start":{"line":6,"column":18},"end":{"line":6,"column":19}},"loc":{"start":{"line":6,"column":24},"end":{"line":25,"column":9}},"line":6},"2":{"name":"(anonymous_2)","decl":{"start":{"line":12,"column":24},"end":{"line":12,"column":25}},"loc":{"start":{"line":12,"column":33},"end":{"line":20,"column":17}},"line":12},"3":{"name":"(anonymous_3)","decl":{"start":{"line":20,"column":25},"end":{"line":20,"column":26}},"loc":{"start":{"line":20,"column":34},"end":{"line":23,"column":17}},"line":20}},"branchMap":{"0":{"loc":{"start":{"line":7,"column":12},"end":{"line":24,"column":13}},"type":"if","locations":[{"start":{"line":7,"column":12},"end":{"line":24,"column":13}},{"start":{"line":7,"column":12},"end":{"line":24,"column":13}}],"line":7}},"s":{"0":1,"1":6,"2":5,"3":5,"4":4,"5":1,"6":1,"7":6},"f":{"0":6,"1":5,"2":4,"3":1},"b":{"0":[5,0]},"_coverageSchema":"1a1c01bbd47fc00a2c39e90264f33305004495a9","hash":"ca31fb0492296bab559b8b48aadd9b16d685fb7a"}
}
