TN:
SF:src/App.js
FN:20,App
FNF:1
FNH:1
FNDA:4,App
DA:21,4
DA:22,4
DA:23,4
DA:24,4
LF:4
LH:4
BRDA:36,0,0,3
BRDA:36,0,1,1
BRDA:36,1,0,4
BRDA:36,1,1,1
BRDA:39,2,0,3
BRDA:39,2,1,1
BRDA:39,3,0,4
BRDA:39,3,1,1
BRDA:42,4,0,3
BRDA:42,4,1,1
BRDA:42,5,0,4
BRDA:42,5,1,1
BRDA:45,6,0,3
BRDA:45,6,1,1
BRDA:45,7,0,4
BRDA:45,7,1,1
BRDA:48,8,0,3
BRDA:48,8,1,1
BRDA:48,9,0,4
BRDA:48,9,1,1
BRF:20
BRH:20
end_of_record
TN:
SF:src/components/SearchBar.js
FN:5,SearchBar
FN:12,(anonymous_1)
FN:14,(anonymous_2)
FN:23,(anonymous_3)
FN:24,(anonymous_4)
FN:30,(anonymous_5)
FN:48,(anonymous_6)
FN:50,(anonymous_7)
FNF:8
FNH:2
FNDA:1,SearchBar
FNDA:4,(anonymous_1)
FNDA:0,(anonymous_2)
FNDA:0,(anonymous_3)
FNDA:0,(anonymous_4)
FNDA:0,(anonymous_5)
FNDA:0,(anonymous_6)
FNDA:0,(anonymous_7)
DA:6,1
DA:7,1
DA:8,1
DA:9,1
DA:10,1
DA:12,1
DA:13,4
DA:14,4
DA:15,0
DA:16,0
DA:17,0
DA:19,0
DA:23,1
DA:24,0
DA:25,0
DA:26,0
DA:27,0
DA:30,1
DA:31,0
DA:32,0
DA:35,1
DA:49,0
DA:50,0
LF:23
LH:11
BRDA:14,0,0,0
BRDA:14,0,1,0
BRDA:16,1,0,0
BRDA:16,1,1,0
BRDA:41,2,0,0
BRDA:41,2,1,1
BRDA:44,3,0,1
BRDA:44,3,1,0
BRDA:58,4,0,1
BRDA:58,4,1,0
BRF:10
BRH:3
end_of_record
TN:
SF:src/components/form/MarketPredictionForm.js
FN:8,MarketPredictionForm
FN:15,(anonymous_1)
FN:27,(anonymous_2)
FN:30,(anonymous_3)
FNF:4
FNH:3
FNDA:4,MarketPredictionForm
FNDA:1,(anonymous_1)
FNDA:0,(anonymous_2)
FNDA:12,(anonymous_3)
DA:9,4
DA:10,4
DA:11,4
DA:12,4
DA:13,4
DA:15,4
DA:16,1
DA:17,1
DA:18,1
DA:19,1
DA:21,1
DA:24,4
DA:27,0
DA:31,12
LF:14
LH:13
BRDA:18,0,0,1
BRDA:18,0,1,0
BRDA:41,1,0,0
BRDA:41,1,1,12
BRF:4
BRH:2
end_of_record
TN:
SF:src/pages/EntrancePage.js
FN:3,LoginPage
FNF:1
FNH:1
FNDA:1,LoginPage
DA:4,1
LF:1
LH:1
BRF:0
BRH:0
end_of_record
TN:
SF:src/pages/MarketPage.js
FN:13,MarketPage
FN:18,(anonymous_1)
FN:20,(anonymous_2)
FN:36,(anonymous_3)
FNF:4
FNH:2
FNDA:2,MarketPage
FNDA:1,(anonymous_1)
FNDA:0,(anonymous_2)
FNDA:0,(anonymous_3)
DA:14,2
DA:15,2
DA:16,2
DA:18,2
DA:19,1
DA:20,0
DA:21,0
DA:24,0
DA:26,0
DA:31,2
DA:32,2
DA:33,2
DA:36,0
LF:13
LH:8
BRDA:19,0,0,0
BRDA:19,0,1,1
BRDA:24,1,0,0
BRDA:24,1,1,0
BRDA:31,2,0,0
BRDA:31,2,1,2
BRDA:32,3,0,0
BRDA:32,3,1,2
BRDA:38,4,0,2
BRDA:38,4,1,2
BRDA:40,5,0,2
BRDA:40,5,1,2
BRDA:40,5,2,2
BRDA:42,6,0,2
BRDA:42,6,1,0
BRF:15
BRH:9
end_of_record
TN:
SF:src/stores/App.js
FN:22,(anonymous_0)
FN:23,(anonymous_1)
FNF:2
FNH:2
FNDA:2,(anonymous_0)
FNDA:2,(anonymous_1)
DA:2,1
DA:14,1
DA:15,1
DA:22,1
DA:23,2
DA:24,2
DA:25,2
DA:27,2
DA:28,2
DA:30,0
DA:31,0
DA:33,0
DA:34,0
DA:36,0
DA:37,0
DA:39,0
DA:40,0
DA:42,0
DA:45,2
LF:19
LH:10
BRDA:25,0,0,2
BRDA:25,0,1,0
BRDA:25,0,2,0
BRDA:25,0,3,0
BRDA:25,0,4,0
BRDA:25,0,5,0
BRF:6
BRH:1
end_of_record
TN:
SF:src/tests/testUtils.js
FN:7,(anonymous_0)
FN:8,(anonymous_1)
FNF:2
FNH:1
FNDA:4,(anonymous_0)
FNDA:0,(anonymous_1)
DA:6,1
DA:7,1
DA:8,4
DA:9,0
DA:10,0
DA:12,0
DA:13,0
DA:15,0
DA:16,0
DA:18,0
DA:19,0
DA:21,0
DA:22,0
DA:24,0
DA:25,0
DA:27,0
DA:30,4
LF:17
LH:4
BRDA:10,0,0,0
BRDA:10,0,1,0
BRDA:10,0,2,0
BRDA:10,0,3,0
BRDA:10,0,4,0
BRDA:10,0,5,0
BRF:6
BRH:0
end_of_record
TN:
SF:src/utils/custom_hooks.js
FN:5,(anonymous_0)
FN:6,(anonymous_1)
FN:12,(anonymous_2)
FN:20,(anonymous_3)
FNF:4
FNH:4
FNDA:6,(anonymous_0)
FNDA:5,(anonymous_1)
FNDA:4,(anonymous_2)
FNDA:1,(anonymous_3)
DA:4,1
DA:6,6
DA:7,5
DA:8,5
DA:13,4
DA:21,1
DA:22,1
DA:26,6
LF:8
LH:8
BRDA:7,0,0,5
BRDA:7,0,1,0
BRF:2
BRH:1
end_of_record
